[INFO  2025-02-22 22:02:50,998] views: Started Index Page Logic
[INFO  2025-02-22 22:02:50,999] views: Filtering: Title - None, Location - None
[INFO  2025-02-22 22:02:51,097] views: Event Count: 7
[INFO  2025-02-22 22:05:01,117] views: Started Index Page Logic
[ERROR  2025-02-22 22:05:01,117] views: Filtering: Title - None, Location - None
[INFO  2025-02-22 22:05:01,147] views: Event Count: 7
[INFO  2025-02-22 22:05:23,337] views: Started Index Page Logic
[WARNING  2025-02-22 22:05:23,337] views: Filtering: Title - None, Location - None
[INFO  2025-02-22 22:05:23,369] views: Event Count: 7
[INFO  2025-02-27 20:18:54,684] views: Started Index Page Logic
[WARNING  2025-02-27 20:18:54,685] views: Filtering: Title - None, Location - None
[INFO  2025-02-27 20:18:54,826] views: Event Count: 7
[INFO  2025-02-27 20:19:10,817] views: Started Index Page Logic
[WARNING  2025-02-27 20:19:10,817] views: Filtering: Title - None, Location - None
[INFO  2025-02-27 20:19:10,841] views: Event Count: 7
[INFO  2025-02-27 20:29:01,637] views: Started Index Page Logic
[WARNING  2025-02-27 20:29:01,637] views: Filtering: Title - None, Location - None
[INFO  2025-02-27 20:29:01,671] views: Event Count: 7
[INFO  2025-02-27 20:44:32,781] views: Started Index Page Logic
[WARNING  2025-02-27 20:44:32,781] views: Filtering: Title - None, Location - None
[INFO  2025-02-27 20:44:32,804] views: Event Count: 8
[INFO  2025-02-27 20:47:49,426] views: Started Index Page Logic
[WARNING  2025-02-27 20:47:49,426] views: Filtering: Title - None, Location - None
[INFO  2025-02-27 20:47:49,452] views: Event Count: 9
[INFO  2025-02-27 20:50:50,838] views: Started Index Page Logic
[WARNING  2025-02-27 20:50:50,839] views: Filtering: Title - None, Location - None
[INFO  2025-02-27 20:50:50,867] views: Event Count: 9
[INFO  2025-02-27 20:52:34,206] views: Started Index Page Logic
[WARNING  2025-02-27 20:52:34,206] views: Filtering: Title - None, Location - None
[INFO  2025-02-27 20:52:34,237] views: Event Count: 9
[INFO  2025-02-27 21:06:38,620] views: Started Index Page Logic
[WARNING  2025-02-27 21:06:38,621] views: Filtering: Title - None, Location - None
[INFO  2025-02-27 21:06:38,650] views: Event Count: 9
[INFO  2025-02-27 21:23:52,734] views: Started Index Page Logic
[WARNING  2025-02-27 21:23:52,734] views: Filtering: Title - None, Location - None
[INFO  2025-02-27 21:23:52,756] views: Event Count: 12
[INFO  2025-02-27 21:24:57,916] views: Started Index Page Logic
[WARNING  2025-02-27 21:24:57,916] views: Filtering: Title - None, Location - None
[INFO  2025-02-27 21:24:57,942] views: Event Count: 13
[INFO  2025-02-27 21:26:38,665] views: Started Index Page Logic
[WARNING  2025-02-27 21:26:38,665] views: Filtering: Title - None, Location - None
[INFO  2025-02-27 21:26:38,695] views: Event Count: 14
[INFO  2025-02-27 21:30:09,864] views: Started Index Page Logic
[WARNING  2025-02-27 21:30:09,864] views: Filtering: Title - None, Location - None
[INFO  2025-02-27 21:30:09,895] views: Event Count: 14
[INFO  2025-02-27 21:31:17,445] views: Started Index Page Logic
[WARNING  2025-02-27 21:31:17,445] views: Filtering: Title - None, Location - None
[INFO  2025-02-27 21:31:17,472] views: Event Count: 14
